<?xml version="1.0" encoding="UTF-8"?>
<!-- Generated by org.testng.reporters.JUnitXMLReporter -->
<testsuite ignored="0" hostname="MTCHNDT-UTHRAKUMAR" failures="0" tests="8" name="CHNAGEPASSWORD" time="31.642" errors="0" timestamp="22 Mar 2021 10:55:14 GMT">
  <testcase classname="com.qa.Testcase.Changepasswordpage_test" name="a_sigin" time="8.717"/>
  <testcase classname="com.qa.Testcase.Changepasswordpage_test" name="changesamepwd" time="1.554"/>
  <testcase classname="com.qa.Testcase.Changepasswordpage_test" name="emptypwd" time="0.872"/>
  <testcase classname="com.qa.Testcase.Changepasswordpage_test" name="invalidpwd" time="1.328"/>
  <testcase classname="com.qa.Testcase.Changepasswordpage_test" name="pwdnotmatch" time="0.996"/>
  <testcase classname="com.qa.Testcase.Changepasswordpage_test" name="pwdonly" time="0.89"/>
  <testcase classname="com.qa.Testcase.Changepasswordpage_test" name="changepwd" time="3.182"/>
  <testcase classname="com.qa.Testcase.Changepasswordpage_test" name="changepwdhelp" time="3.441"/>
</testsuite> <!-- CHNAGEPASSWORD -->
