<?xml version="1.0" encoding="UTF-8"?>
<!-- Generated by org.testng.reporters.JUnitXMLReporter -->
<testsuite ignored="0" hostname="MTCHNDT-UTHRAKUMAR" failures="0" tests="6" name="CONTACTUS" time="40.083" errors="0" timestamp="22 Mar 2021 11:01:12 GMT">
  <testcase classname="com.qa.Testcase.Contactuspage_test" name="a_Sigin" time="10.145"/>
  <testcase classname="com.qa.Testcase.Contactuspage_test" name="emptysubmit" time="0.904"/>
  <testcase classname="com.qa.Testcase.Contactuspage_test" name="invalidEmail" time="0.927"/>
  <testcase classname="com.qa.Testcase.Contactuspage_test" name="name_emailonly" time="0.908"/>
  <testcase classname="com.qa.Testcase.Contactuspage_test" name="nameonly" time="0.945"/>
  <testcase classname="com.qa.Testcase.Contactuspage_test" name="sendcontactus" time="2.813"/>
</testsuite> <!-- CONTACTUS -->
