<?xml version="1.0" encoding="UTF-8"?>
<!-- Generated by org.testng.reporters.JUnitXMLReporter -->
<testsuite ignored="0" hostname="MTCHNDT-UTHRAKUMAR" failures="0" tests="4" name="FORGOTOTP" time="21.178" errors="0" timestamp="22 Mar 2021 10:54:43 GMT">
  <testcase classname="com.qa.Testcase.Otpforgotpage_test" name="a_otptitlecheck" time="2.282"/>
  <testcase classname="com.qa.Testcase.Otpforgotpage_test" name="emptycheck" time="2.719"/>
  <testcase classname="com.qa.Testcase.Otpforgotpage_test" name="incomleteotp" time="0.779"/>
  <testcase classname="com.qa.Testcase.Otpforgotpage_test" name="incorrectotp" time="1.692"/>
</testsuite> <!-- FORGOTOTP -->
