<?xml version="1.0" encoding="UTF-8"?>
<!-- Generated by org.testng.reporters.JUnitXMLReporter -->
<testsuite ignored="0" hostname="MTCHNDT-UTHRAKUMAR" failures="0" tests="5" name="FORGOT" time="12.006" errors="0" timestamp="22 Mar 2021 10:54:21 GMT">
  <testcase classname="com.qa.Testcase.Forgotpage_test" name="a_forgotTitle" time="0.781"/>
  <testcase classname="com.qa.Testcase.Forgotpage_test" name="emptysubmit" time="0.113"/>
  <testcase classname="com.qa.Testcase.Forgotpage_test" name="invalidmob" time="0.235"/>
  <testcase classname="com.qa.Testcase.Forgotpage_test" name="validmob" time="0.912"/>
  <testcase classname="com.qa.Testcase.Forgotpage_test" name="backbutton" time="0.944"/>
</testsuite> <!-- FORGOT -->
