<?xml version="1.0" encoding="UTF-8"?>
<!-- Generated by org.testng.reporters.JUnitXMLReporter -->
<testsuite ignored="0" hostname="MTCHNDT-UTHRAKUMAR" failures="0" tests="11" name="PROFILE" time="42.981" errors="0" timestamp="22 Mar 2021 11:13:29 GMT">
  <testcase classname="com.qa.Testcase.Profilepage_test" name="Sigin" time="8.388"/>
  <testcase classname="com.qa.Testcase.Profilepage_test" name="emptyprofile" time="1.549"/>
  <testcase classname="com.qa.Testcase.Profilepage_test" name="pnameonly" time="0.918"/>
  <testcase classname="com.qa.Testcase.Profilepage_test" name="pnameonlylessthan2" time="0.842"/>
  <testcase classname="com.qa.Testcase.Profilepage_test" name="pname_pemail" time="0.962"/>
  <testcase classname="com.qa.Testcase.Profilepage_test" name="pname_Invalidemail" time="0.948"/>
  <testcase classname="com.qa.Testcase.Profilepage_test" name="allinputs" time="3.911"/>
  <testcase classname="com.qa.Testcase.Profilepage_test" name="profileupdate" time="5.111"/>
  <testcase classname="com.qa.Testcase.Profilepage_test" name="profileupdateinvalid" time="1.649"/>
  <testcase classname="com.qa.Testcase.Profilepage_test" name="profileupdatemorethan5mb" time="2.687"/>
  <testcase classname="com.qa.Testcase.Profilepage_test" name="pressback" time="8.29"/>
</testsuite> <!-- PROFILE -->
