<?xml version="1.0" encoding="UTF-8"?>
<!-- Generated by org.testng.reporters.JUnitXMLReporter -->
<testsuite ignored="0" hostname="MTCHNDT-UTHRAKUMAR" failures="0" tests="4" name="SIGNUP-OTP" time="16.514" errors="0" timestamp="22 Mar 2021 10:53:47 GMT">
  <testcase classname="com.qa.Testcase.Otpsignuppage_test" name="a_otptitlecheck" time="2.648"/>
  <testcase classname="com.qa.Testcase.Otpsignuppage_test" name="emptycheck" time="2.131"/>
  <testcase classname="com.qa.Testcase.Otpsignuppage_test" name="incomleteotp" time="0.239"/>
  <testcase classname="com.qa.Testcase.Otpsignuppage_test" name="incorrectotp" time="1.444"/>
</testsuite> <!-- SIGNUP-OTP -->
