<?xml version="1.0" encoding="UTF-8"?>
<!-- Generated by org.testng.reporters.JUnitXMLReporter -->
<testsuite ignored="0" hostname="MTCHNDT-UTHRAKUMAR" failures="0" tests="9" name="SIGNIN" time="22.639" errors="0" timestamp="22 Mar 2021 10:54:09 GMT">
  <testcase classname="com.qa.Testcase.Signinpage_test" name="a_gettitle" time="0.009"/>
  <testcase classname="com.qa.Testcase.Signinpage_test" name="emptysigin" time="0.281"/>
  <testcase classname="com.qa.Testcase.Signinpage_test" name="forgotlinkcheck" time="1.081"/>
  <testcase classname="com.qa.Testcase.Signinpage_test" name="invalidpwd" time="3.403"/>
  <testcase classname="com.qa.Testcase.Signinpage_test" name="mobonlysigin" time="0.321"/>
  <testcase classname="com.qa.Testcase.Signinpage_test" name="pwdonlysigin" time="0.266"/>
  <testcase classname="com.qa.Testcase.Signinpage_test" name="signuplinkcheck" time="1.121"/>
  <testcase classname="com.qa.Testcase.Signinpage_test" name="unregistereduser" time="2.299"/>
  <testcase classname="com.qa.Testcase.Signinpage_test" name="Siginusingvalidinputs" time="5.137"/>
</testsuite> <!-- SIGNIN -->
