<?xml version="1.0" encoding="UTF-8"?>
<!-- Generated by org.testng.reporters.JUnitXMLReporter -->
<testsuite ignored="0" hostname="MTCHNDT-UTHRAKUMAR" failures="0" tests="4" name="SIGNUPOTP" time="12.33" errors="0" timestamp="22 Mar 2021 10:31:15 GMT">
  <testcase classname="com.qa.Testcase.Otpsignuppage_test" name="a_otptitlecheck" time="2.28"/>
  <testcase classname="com.qa.Testcase.Otpsignuppage_test" name="emptycheck" time="2.123"/>
  <testcase classname="com.qa.Testcase.Otpsignuppage_test" name="incomleteotp" time="0.203"/>
  <testcase classname="com.qa.Testcase.Otpsignuppage_test" name="incorrectotp" time="1.493"/>
</testsuite> <!-- SIGNUPOTP -->
