<?xml version="1.0" encoding="UTF-8"?>
<!-- Generated by org.testng.reporters.JUnitXMLReporter -->
<testsuite ignored="0" hostname="MTCHNDT-UTHRAKUMAR" failures="0" tests="9" name="SIGN IN" time="20.497" errors="0" timestamp="22 Mar 2021 10:33:17 GMT">
  <testcase classname="com.qa.Testcase.Signinpage_test" name="a_gettitle" time="0.02"/>
  <testcase classname="com.qa.Testcase.Signinpage_test" name="emptysigin" time="0.336"/>
  <testcase classname="com.qa.Testcase.Signinpage_test" name="forgotlinkcheck" time="1.028"/>
  <testcase classname="com.qa.Testcase.Signinpage_test" name="invalidpwd" time="3.398"/>
  <testcase classname="com.qa.Testcase.Signinpage_test" name="mobonlysigin" time="0.338"/>
  <testcase classname="com.qa.Testcase.Signinpage_test" name="pwdonlysigin" time="0.301"/>
  <testcase classname="com.qa.Testcase.Signinpage_test" name="signuplinkcheck" time="1.383"/>
  <testcase classname="com.qa.Testcase.Signinpage_test" name="unregistereduser" time="2.278"/>
  <testcase classname="com.qa.Testcase.Signinpage_test" name="Siginusingvalidinputs" time="4.243"/>
</testsuite> <!-- SIGN IN -->
