<?xml version="1.0" encoding="UTF-8"?>
<!-- Generated by org.testng.reporters.JUnitXMLReporter -->
<testsuite ignored="0" hostname="MTCHNDT-UTHRAKUMAR" failures="0" tests="8" name="SIGNUP" time="20.518" errors="0" timestamp="22 Mar 2021 10:53:30 GMT">
  <testcase classname="com.qa.Testcase.Signuppage_test" name="a_gettitle" time="1.337"/>
  <testcase classname="com.qa.Testcase.Signuppage_test" name="alreadyregistereduser" time="2.786"/>
  <testcase classname="com.qa.Testcase.Signuppage_test" name="emptysigin" time="0.277"/>
  <testcase classname="com.qa.Testcase.Signuppage_test" name="invalidpwd" time="2.526"/>
  <testcase classname="com.qa.Testcase.Signuppage_test" name="mobonlysigup" time="0.357"/>
  <testcase classname="com.qa.Testcase.Signuppage_test" name="pwdonlysigin" time="0.262"/>
  <testcase classname="com.qa.Testcase.Signuppage_test" name="signinlinkcheck" time="1.07"/>
  <testcase classname="com.qa.Testcase.Signuppage_test" name="Sigupusingvalidinputs" time="1.614"/>
</testsuite> <!-- SIGNUP -->
